\BOOKMARK [0][-]{chapter.1}{第1章 介绍}{}
\BOOKMARK [1][-]{section*.3}{1.1 什么是Biopython？}{chapter.1}
\BOOKMARK [1][-]{section*.4}{1.2 在Biopython包中我能发现什么？}{chapter.1}
\BOOKMARK [1][-]{section*.5}{1.3 安装Biopython}{chapter.1}
\BOOKMARK [1][-]{section*.6}{1.4 常见问答（FAQ）}{chapter.1}
\BOOKMARK [0][-]{chapter.2}{第2章 快速开始 —— 你能用Biopython做什么？}{}
\BOOKMARK [1][-]{section*.7}{2.1 Biopython功能概览}{chapter.2}
\BOOKMARK [1][-]{section*.8}{2.2 处理序列}{chapter.2}
\BOOKMARK [1][-]{section*.9}{2.3 用法示例}{chapter.2}
\BOOKMARK [1][-]{section*.10}{2.4 解析序列文件格式}{chapter.2}
\BOOKMARK [1][-]{section*.14}{2.5 连接生物学数据库}{chapter.2}
\BOOKMARK [1][-]{section*.15}{2.6 下一步做什么}{chapter.2}
\BOOKMARK [0][-]{chapter.3}{第3章 生物序列对象}{}
\BOOKMARK [1][-]{section*.16}{3.1 序列和字母表}{chapter.3}
\BOOKMARK [1][-]{section*.17}{3.2 序列表现的像字符串一样}{chapter.3}
\BOOKMARK [1][-]{section*.18}{3.3 切取序列}{chapter.3}
\BOOKMARK [1][-]{section*.19}{3.4 将序列对象转换成字符串}{chapter.3}
\BOOKMARK [1][-]{section*.20}{3.5 连接或添加序列}{chapter.3}
\BOOKMARK [1][-]{section*.21}{3.6 改变大小写}{chapter.3}
\BOOKMARK [1][-]{section*.22}{3.7 核苷酸序列和（反向）互补序列}{chapter.3}
\BOOKMARK [1][-]{section*.23}{3.8 转录}{chapter.3}
\BOOKMARK [1][-]{section*.24}{3.9 翻译}{chapter.3}
\BOOKMARK [1][-]{section*.25}{3.10 翻译表}{chapter.3}
\BOOKMARK [1][-]{section*.26}{3.11 比较Seq对象}{chapter.3}
\BOOKMARK [1][-]{section*.27}{3.12 MutableSeq对象}{chapter.3}
\BOOKMARK [1][-]{section*.28}{3.13 UnknownSeq对象}{chapter.3}
\BOOKMARK [1][-]{section*.29}{3.14 直接使用字符串}{chapter.3}
\BOOKMARK [0][-]{chapter.4}{第4章 序列注释对象}{}
\BOOKMARK [1][-]{section*.30}{4.1 SeqRecord对象}{chapter.4}
\BOOKMARK [1][-]{section*.31}{4.2 创建 SeqRecord}{chapter.4}
\BOOKMARK [1][-]{section*.35}{4.3 Feature, location 和 position对象}{chapter.4}
\BOOKMARK [1][-]{section*.43}{4.4 References}{chapter.4}
\BOOKMARK [1][-]{section*.44}{4.5 格式化方法}{chapter.4}
\BOOKMARK [1][-]{section*.45}{4.6 SeqRecord切片}{chapter.4}
\BOOKMARK [1][-]{section*.46}{4.7 SeqRecord对象相加}{chapter.4}
\BOOKMARK [1][-]{section*.47}{4.8 反向互补SeqRecord对象}{chapter.4}
\BOOKMARK [0][-]{chapter.5}{第5章 序列输入和输出}{}
\BOOKMARK [1][-]{section*.48}{5.1 解析/读取序列}{chapter.5}
\BOOKMARK [1][-]{section*.53}{5.2 从压缩文档读取解析序列信息}{chapter.5}
\BOOKMARK [1][-]{section*.54}{5.3 解析来自网络的序列}{chapter.5}
\BOOKMARK [1][-]{section*.57}{5.4 序列文件作为字典}{chapter.5}
\BOOKMARK [1][-]{section*.68}{5.5 写入序列文件}{chapter.5}
\BOOKMARK [0][-]{chapter.6}{第6章 多序列比对}{}
\BOOKMARK [1][-]{section*.73}{6.1 读取多序列比对数据}{chapter.6}
\BOOKMARK [1][-]{section*.77}{6.2 序列比对的写出}{chapter.6}
\BOOKMARK [1][-]{section*.80}{6.3 序列比对的操纵}{chapter.6}
\BOOKMARK [1][-]{section*.83}{6.4 构建序列比对的工具}{chapter.6}
\BOOKMARK [0][-]{chapter.7}{第7章 BLAST}{}
\BOOKMARK [1][-]{section*.89}{7.1 通过Internet运行BLAST}{chapter.7}
\BOOKMARK [1][-]{section*.90}{7.2 本地运行BLAST}{chapter.7}
\BOOKMARK [1][-]{section*.95}{7.3 解析BLAST 输出}{chapter.7}
\BOOKMARK [1][-]{section*.96}{7.4 BLAST 记录类}{chapter.7}
\BOOKMARK [1][-]{section*.99}{7.5 废弃的BLAST 解析器}{chapter.7}
\BOOKMARK [1][-]{section*.103}{7.6 处理PSI-BLAST}{chapter.7}
\BOOKMARK [1][-]{section*.104}{7.7 处理 RPS-BLAST}{chapter.7}
\BOOKMARK [0][-]{chapter.8}{第8章 BLAST和其他序列搜索工具\(实验性质的代码\)}{}
\BOOKMARK [1][-]{section*.105}{8.1 SearchIO对象模型}{chapter.8}
\BOOKMARK [1][-]{section*.110}{8.2 一个关于标准和惯例的注意事项}{chapter.8}
\BOOKMARK [1][-]{section*.111}{8.3 读取搜索输出文件}{chapter.8}
\BOOKMARK [1][-]{section*.112}{8.4 用索引处理含有大量搜索输出的文件}{chapter.8}
\BOOKMARK [1][-]{section*.113}{8.5 写入和转换搜索输出文件}{chapter.8}
\BOOKMARK [0][-]{chapter.9}{第9章 访问NCBI Entrez数据库}{}
\BOOKMARK [1][-]{section*.114}{9.1 Entrez 简介}{chapter.9}
\BOOKMARK [1][-]{section*.115}{9.2 EInfo: 获取Entrez数据库的信息}{chapter.9}
\BOOKMARK [1][-]{section*.116}{9.3 ESearch: 搜索Entrez数据库}{chapter.9}
\BOOKMARK [1][-]{section*.117}{9.4 EPost: 上传identifiers的列表}{chapter.9}
\BOOKMARK [1][-]{section*.118}{9.5 ESummary: 通过主要的IDs来获取摘要}{chapter.9}
\BOOKMARK [1][-]{section*.119}{9.6 EFetch: 从Entrez下载更多的记录}{chapter.9}
\BOOKMARK [1][-]{section*.120}{9.7 ELink: 在NCBI Entrez中搜索相关的条目}{chapter.9}
\BOOKMARK [1][-]{section*.121}{9.8 EGQuery: 全局搜索- 统计搜索的条目}{chapter.9}
\BOOKMARK [1][-]{section*.122}{9.9 ESpell: 获得拼写建议}{chapter.9}
\BOOKMARK [1][-]{section*.123}{9.10 解析大的Entrez XML文件}{chapter.9}
\BOOKMARK [1][-]{section*.124}{9.11 错误处理}{chapter.9}
\BOOKMARK [1][-]{section*.125}{9.12 专用的解析器}{chapter.9}
\BOOKMARK [1][-]{section*.129}{9.13 使用代理}{chapter.9}
\BOOKMARK [1][-]{section*.130}{9.14 实例}{chapter.9}
\BOOKMARK [1][-]{section*.135}{9.15 使用历史记录和WebEnv}{chapter.9}
\BOOKMARK [0][-]{chapter.10}{第10章 Swiss-Prot和ExPASy}{}
\BOOKMARK [1][-]{section*.139}{10.1 解析Swiss-Prot文件}{chapter.10}
\BOOKMARK [1][-]{section*.142}{10.2 解析Prosite记录}{chapter.10}
\BOOKMARK [1][-]{section*.143}{10.3 解析Prosite文件记录}{chapter.10}
\BOOKMARK [1][-]{section*.144}{10.4 解析酶记录}{chapter.10}
\BOOKMARK [1][-]{section*.145}{10.5 Accessing the ExPASy server}{chapter.10}
\BOOKMARK [1][-]{section*.149}{10.6 浏览Prosite数据库}{chapter.10}
\BOOKMARK [0][-]{chapter.11}{第11章 走向3D：PDB模块}{}
\BOOKMARK [1][-]{section*.150}{11.1 晶体结构文件的读与写}{chapter.11}
\BOOKMARK [1][-]{section*.155}{11.2 结构的表示}{chapter.11}
\BOOKMARK [1][-]{section*.163}{11.3 紊乱}{chapter.11}
\BOOKMARK [1][-]{section*.169}{11.4 异质残基}{chapter.11}
\BOOKMARK [1][-]{section*.173}{11.5 浏览Structure对象}{chapter.11}
\BOOKMARK [1][-]{section*.184}{11.6 分析结构}{chapter.11}
\BOOKMARK [1][-]{section*.195}{11.7 PDB文件中的常见问题}{chapter.11}
\BOOKMARK [1][-]{section*.205}{11.8 访问Protein Data Bank}{chapter.11}
\BOOKMARK [1][-]{section*.209}{11.9 常见问题}{chapter.11}
\BOOKMARK [0][-]{chapter.12}{第12章 Bio.PopGen：群体遗传学}{}
\BOOKMARK [1][-]{section*.214}{12.1 GenePop}{chapter.12}
\BOOKMARK [1][-]{section*.215}{12.2 溯祖模拟（Coalescent simulation）}{chapter.12}
\BOOKMARK [1][-]{section*.221}{12.3 其它应用程序}{chapter.12}
\BOOKMARK [1][-]{section*.225}{12.4 未来发展}{chapter.12}
\BOOKMARK [0][-]{chapter.13}{第13章 Bio.Phylo系统发育分析}{}
\BOOKMARK [1][-]{section*.226}{13.1 示例: 树中有什么？}{chapter.13}
\BOOKMARK [1][-]{section*.230}{13.2 I/O 函数}{chapter.13}
\BOOKMARK [1][-]{section*.231}{13.3 查看和导出树}{chapter.13}
\BOOKMARK [1][-]{section*.235}{13.4 使用Tree和Clade对象}{chapter.13}
\BOOKMARK [1][-]{section*.240}{13.5 运行外部程序}{chapter.13}
\BOOKMARK [1][-]{section*.241}{13.6 PAML整合}{chapter.13}
\BOOKMARK [1][-]{section*.242}{13.7 未来计划}{chapter.13}
\BOOKMARK [0][-]{chapter.14}{第14章 使用Bio.motifs进行模体序列分析}{}
\BOOKMARK [1][-]{section*.243}{14.1 模体对象}{chapter.14}
\BOOKMARK [1][-]{section*.253}{14.2 位置权重矩阵}{chapter.14}
\BOOKMARK [1][-]{section*.254}{14.3 位置特异性得分矩阵}{chapter.14}
\BOOKMARK [1][-]{section*.255}{14.4 搜索实例}{chapter.14}
\BOOKMARK [1][-]{section*.259}{14.5 模体对象自身相关的位置特异性得分矩阵}{chapter.14}
\BOOKMARK [1][-]{section*.260}{14.6 模体比较}{chapter.14}
\BOOKMARK [1][-]{section*.261}{14.7 查找 De novo 模体}{chapter.14}
\BOOKMARK [1][-]{section*.264}{14.8 相关链接}{chapter.14}
\BOOKMARK [1][-]{section*.265}{14.9 旧版Bio.Motif模块}{chapter.14}
\BOOKMARK [0][-]{chapter.15}{第15章 聚类分析}{}
\BOOKMARK [1][-]{section*.273}{数据表示法}{chapter.15}
\BOOKMARK [1][-]{section*.274}{缺失值}{chapter.15}
\BOOKMARK [1][-]{section*.275}{随机数生成器}{chapter.15}
\BOOKMARK [1][-]{section*.276}{15.1 距离函数}{chapter.15}
\BOOKMARK [1][-]{section*.287}{15.2 计算类的相关性质}{chapter.15}
\BOOKMARK [1][-]{section*.290}{15.3 划分算法}{chapter.15}
\BOOKMARK [1][-]{section*.293}{15.4 系统聚类}{chapter.15}
\BOOKMARK [1][-]{section*.296}{15.5 Self-Organizing Maps}{chapter.15}
\BOOKMARK [1][-]{section*.297}{15.6 主成分分析}{chapter.15}
\BOOKMARK [1][-]{section*.298}{15.7 处理 Cluster/TreeView-type 文件}{chapter.15}
\BOOKMARK [1][-]{section*.306}{15.8 示例}{chapter.15}
\BOOKMARK [1][-]{section*.307}{15.9 附加函数}{chapter.15}
\BOOKMARK [0][-]{chapter.16}{第16章 监督学习方法}{}
\BOOKMARK [1][-]{section*.308}{16.1 Logistic 回归模型}{chapter.16}
\BOOKMARK [1][-]{section*.316}{16.2 k-最近邻居法（ KNN ）}{chapter.16}
\BOOKMARK [1][-]{section*.320}{16.3 Naive贝叶斯}{chapter.16}
\BOOKMARK [1][-]{section*.321}{16.4 最大熵}{chapter.16}
\BOOKMARK [1][-]{section*.322}{16.5 马尔科夫模型}{chapter.16}
\BOOKMARK [0][-]{chapter.17}{第17章 Graphics模块中的基因组可视化包—GenomeDiagram}{}
\BOOKMARK [1][-]{section*.323}{17.1 基因组可视化包—GenomeDiagram}{chapter.17}
\BOOKMARK [1][-]{section*.337}{17.2 染色体}{chapter.17}
\BOOKMARK [0][-]{chapter.18}{第18章 Cookbook – 用它做一些很酷的事情}{}
\BOOKMARK [1][-]{section*.340}{18.1 操作序列文件}{chapter.18}
\BOOKMARK [1][-]{section*.354}{18.2 序列解析与简单作图}{chapter.18}
\BOOKMARK [1][-]{section*.359}{18.3 处理序列比对}{chapter.18}
\BOOKMARK [1][-]{section*.364}{18.4 替换矩阵}{chapter.18}
\BOOKMARK [1][-]{section*.367}{18.5 BioSQL – 存储序列到关系数据库中}{chapter.18}
\BOOKMARK [0][-]{chapter.19}{第19章 Biopython测试框架}{}
\BOOKMARK [1][-]{section*.368}{19.1 运行测试}{chapter.19}
\BOOKMARK [1][-]{section*.369}{19.2 编写测试}{chapter.19}
\BOOKMARK [1][-]{section*.372}{19.3 编写 doctests}{chapter.19}
\BOOKMARK [0][-]{chapter.20}{第20章 高级}{}
\BOOKMARK [1][-]{section*.373}{20.1 解析器的设计}{chapter.20}
\BOOKMARK [1][-]{section*.374}{20.2 替换矩阵}{chapter.20}
\BOOKMARK [0][-]{chapter.21}{第21章 为Biopython做贡献}{}
\BOOKMARK [1][-]{section*.377}{21.1 错误报告与功能需求}{chapter.21}
\BOOKMARK [1][-]{section*.378}{21.2 邮件列表与帮助新手}{chapter.21}
\BOOKMARK [1][-]{section*.379}{21.3 贡献文档}{chapter.21}
\BOOKMARK [1][-]{section*.380}{21.4 贡献学习手册示例}{chapter.21}
\BOOKMARK [1][-]{section*.381}{21.5 维护跨平台发行版本}{chapter.21}
\BOOKMARK [1][-]{section*.382}{21.6 贡献单元测试（Unit Tests）}{chapter.21}
\BOOKMARK [1][-]{section*.383}{21.7 贡献源码}{chapter.21}
\BOOKMARK [0][-]{chapter.22}{第22章 附录：Python相关知识}{}
\BOOKMARK [1][-]{section*.384}{22.1 到底什么是句柄（handle）？}{chapter.22}
\BOOKMARK [0][-]{chapter.23}{References}{}
\BOOKMARK [0][-]{chapter.24}{Indices and tables}{}
